-------------------------------------------------------------------------------
Test set: pl.edu.pw.ee.DeterministicFiniteAutomatonTextSearchTest
-------------------------------------------------------------------------------
Tests run: 13, Failures: 7, Errors: 0, Skipped: 0, Time elapsed: 0.045 s <<< FAILURE! - in pl.edu.pw.ee.DeterministicFiniteAutomatonTextSearchTest
shouldReturnThreeElemArray_When_TwoMatchesAreOverlapingAndOneIsNotInText_ByFindAllMethod  Time elapsed: 0.017 s  <<< FAILURE!
java.lang.AssertionError
	at pl.edu.pw.ee.DeterministicFiniteAutomatonTextSearchTest.testForFindAllMethod(DeterministicFiniteAutomatonTextSearchTest.java:35)
	at pl.edu.pw.ee.DeterministicFiniteAutomatonTextSearchTest.shouldReturnThreeElemArray_When_TwoMatchesAreOverlapingAndOneIsNotInText_ByFindAllMethod(DeterministicFiniteAutomatonTextSearchTest.java:130)

shouldReturnFirstFoundIndex_When_ThreeMatchesInText_ByFindFirstMethod  Time elapsed: 0.007 s  <<< FAILURE!
org.opentest4j.AssertionFailedError: expected: <6> but was: <-1>
	at pl.edu.pw.ee.DeterministicFiniteAutomatonTextSearchTest.testForFindFirstMethod(DeterministicFiniteAutomatonTextSearchTest.java:25)
	at pl.edu.pw.ee.DeterministicFiniteAutomatonTextSearchTest.shouldReturnFirstFoundIndex_When_ThreeMatchesInText_ByFindFirstMethod(DeterministicFiniteAutomatonTextSearchTest.java:95)

shouldReturnTwoElemArray_When_TwoOverlapingMatchesInText_ByFindAllMethod  Time elapsed: 0 s  <<< FAILURE!
java.lang.AssertionError
	at pl.edu.pw.ee.DeterministicFiniteAutomatonTextSearchTest.testForFindAllMethod(DeterministicFiniteAutomatonTextSearchTest.java:35)
	at pl.edu.pw.ee.DeterministicFiniteAutomatonTextSearchTest.shouldReturnTwoElemArray_When_TwoOverlapingMatchesInText_ByFindAllMethod(DeterministicFiniteAutomatonTextSearchTest.java:123)

shouldReturnFirstFoundIndex_When_TwoMatchesInText_ByFindFirstMethod  Time elapsed: 0.001 s  <<< FAILURE!
org.opentest4j.AssertionFailedError: expected: <6> but was: <-1>
	at pl.edu.pw.ee.DeterministicFiniteAutomatonTextSearchTest.testForFindFirstMethod(DeterministicFiniteAutomatonTextSearchTest.java:25)
	at pl.edu.pw.ee.DeterministicFiniteAutomatonTextSearchTest.shouldReturnFirstFoundIndex_When_TwoMatchesInText_ByFindFirstMethod(DeterministicFiniteAutomatonTextSearchTest.java:90)

shouldReturnTwoElemArray_When_TwoNotOverlapingMatchesInText_ByFindAllMethod  Time elapsed: 0.001 s  <<< FAILURE!
java.lang.AssertionError
	at pl.edu.pw.ee.DeterministicFiniteAutomatonTextSearchTest.testForFindAllMethod(DeterministicFiniteAutomatonTextSearchTest.java:35)
	at pl.edu.pw.ee.DeterministicFiniteAutomatonTextSearchTest.shouldReturnTwoElemArray_When_TwoNotOverlapingMatchesInText_ByFindAllMethod(DeterministicFiniteAutomatonTextSearchTest.java:116)

shouldReturnIndex_When_OneMatchInText_ByFindFirstMethod  Time elapsed: 0.001 s  <<< FAILURE!
org.opentest4j.AssertionFailedError: expected: <2> but was: <-1>
	at pl.edu.pw.ee.DeterministicFiniteAutomatonTextSearchTest.testForFindFirstMethod(DeterministicFiniteAutomatonTextSearchTest.java:25)
	at pl.edu.pw.ee.DeterministicFiniteAutomatonTextSearchTest.shouldReturnIndex_When_OneMatchInText_ByFindFirstMethod(DeterministicFiniteAutomatonTextSearchTest.java:85)

shouldReturnOneElemArray_When_OneMatchInText_ByFindAllMethod  Time elapsed: 0 s  <<< FAILURE!
java.lang.AssertionError
	at pl.edu.pw.ee.DeterministicFiniteAutomatonTextSearchTest.testForFindAllMethod(DeterministicFiniteAutomatonTextSearchTest.java:35)
	at pl.edu.pw.ee.DeterministicFiniteAutomatonTextSearchTest.shouldReturnOneElemArray_When_OneMatchInText_ByFindAllMethod(DeterministicFiniteAutomatonTextSearchTest.java:109)

