<?xml version="1.0" encoding="UTF-8"?>
<testsuite xmlns:xsi="http://www.w3.org/2001/XMLSchema-instance" xsi:noNamespaceSchemaLocation="https://maven.apache.org/surefire/maven-surefire-plugin/xsd/surefire-test-report.xsd" name="pl.edu.pw.ee.DeterministicFiniteAutomatonTextSearchTest" time="0.045" tests="13" errors="0" skipped="0" failures="7">
  <properties>
[...]
</properties>
  <testcase name="shouldReturnThreeElemArray_When_TwoMatchesAreOverlapingAndOneIsNotInText_ByFindAllMethod" classname="pl.edu.pw.ee.DeterministicFiniteAutomatonTextSearchTest" time="0.017">
    <failure type="java.lang.AssertionError">java.lang.AssertionError
	at pl.edu.pw.ee.DeterministicFiniteAutomatonTextSearchTest.testForFindAllMethod(DeterministicFiniteAutomatonTextSearchTest.java:35)
	at pl.edu.pw.ee.DeterministicFiniteAutomatonTextSearchTest.shouldReturnThreeElemArray_When_TwoMatchesAreOverlapingAndOneIsNotInText_ByFindAllMethod(DeterministicFiniteAutomatonTextSearchTest.java:130)
</failure>
    <system-out><![CDATA[banana ana ana [I@49298ce7
]]></system-out>
  </testcase>
  <testcase name="shouldReturnFirstFoundIndex_When_ThreeMatchesInText_ByFindFirstMethod" classname="pl.edu.pw.ee.DeterministicFiniteAutomatonTextSearchTest" time="0.007">
    <failure message="expected: &lt;6&gt; but was: &lt;-1&gt;" type="org.opentest4j.AssertionFailedError"><![CDATA[org.opentest4j.AssertionFailedError: expected: <6> but was: <-1>
	at pl.edu.pw.ee.DeterministicFiniteAutomatonTextSearchTest.testForFindFirstMethod(DeterministicFiniteAutomatonTextSearchTest.java:25)
	at pl.edu.pw.ee.DeterministicFiniteAutomatonTextSearchTest.shouldReturnFirstFoundIndex_When_ThreeMatchesInText_ByFindFirstMethod(DeterministicFiniteAutomatonTextSearchTest.java:95)
]]></failure>
    <system-out><![CDATA[first match, second match match 6
]]></system-out>
  </testcase>
  <testcase name="shouldThrowException_When_PatternIsNull" classname="pl.edu.pw.ee.DeterministicFiniteAutomatonTextSearchTest" time="0.01"/>
  <testcase name="shouldReturnEmptyArray_When_NoMatchInText_ByFindAllMethod" classname="pl.edu.pw.ee.DeterministicFiniteAutomatonTextSearchTest" time="0"/>
  <testcase name="shouldReturnMinusOne_When_NoMatchInText_ByFindFirstMethod" classname="pl.edu.pw.ee.DeterministicFiniteAutomatonTextSearchTest" time="0"/>
  <testcase name="shouldThrowException_When_PatternIsAnEmptyString" classname="pl.edu.pw.ee.DeterministicFiniteAutomatonTextSearchTest" time="0.001"/>
  <testcase name="shouldReturnTwoElemArray_When_TwoOverlapingMatchesInText_ByFindAllMethod" classname="pl.edu.pw.ee.DeterministicFiniteAutomatonTextSearchTest" time="0">
    <failure type="java.lang.AssertionError">java.lang.AssertionError
	at pl.edu.pw.ee.DeterministicFiniteAutomatonTextSearchTest.testForFindAllMethod(DeterministicFiniteAutomatonTextSearchTest.java:35)
	at pl.edu.pw.ee.DeterministicFiniteAutomatonTextSearchTest.shouldReturnTwoElemArray_When_TwoOverlapingMatchesInText_ByFindAllMethod(DeterministicFiniteAutomatonTextSearchTest.java:123)
</failure>
    <system-out><![CDATA[banana ana [I@273842a6
]]></system-out>
  </testcase>
  <testcase name="shouldReturnFirstFoundIndex_When_TwoMatchesInText_ByFindFirstMethod" classname="pl.edu.pw.ee.DeterministicFiniteAutomatonTextSearchTest" time="0.001">
    <failure message="expected: &lt;6&gt; but was: &lt;-1&gt;" type="org.opentest4j.AssertionFailedError"><![CDATA[org.opentest4j.AssertionFailedError: expected: <6> but was: <-1>
	at pl.edu.pw.ee.DeterministicFiniteAutomatonTextSearchTest.testForFindFirstMethod(DeterministicFiniteAutomatonTextSearchTest.java:25)
	at pl.edu.pw.ee.DeterministicFiniteAutomatonTextSearchTest.shouldReturnFirstFoundIndex_When_TwoMatchesInText_ByFindFirstMethod(DeterministicFiniteAutomatonTextSearchTest.java:90)
]]></failure>
    <system-out><![CDATA[first match, second match match 6
]]></system-out>
  </testcase>
  <testcase name="shouldThrowException_When_TextForSearchingIsNull_InFindAllMethod" classname="pl.edu.pw.ee.DeterministicFiniteAutomatonTextSearchTest" time="0"/>
  <testcase name="shouldThrowException_When_TextForSearchingIsNull_InFindFirstMethod" classname="pl.edu.pw.ee.DeterministicFiniteAutomatonTextSearchTest" time="0"/>
  <testcase name="shouldReturnTwoElemArray_When_TwoNotOverlapingMatchesInText_ByFindAllMethod" classname="pl.edu.pw.ee.DeterministicFiniteAutomatonTextSearchTest" time="0.001">
    <failure type="java.lang.AssertionError">java.lang.AssertionError
	at pl.edu.pw.ee.DeterministicFiniteAutomatonTextSearchTest.testForFindAllMethod(DeterministicFiniteAutomatonTextSearchTest.java:35)
	at pl.edu.pw.ee.DeterministicFiniteAutomatonTextSearchTest.shouldReturnTwoElemArray_When_TwoNotOverlapingMatchesInText_ByFindAllMethod(DeterministicFiniteAutomatonTextSearchTest.java:116)
</failure>
    <system-out><![CDATA[first match, second match, last match [I@3a022576
]]></system-out>
  </testcase>
  <testcase name="shouldReturnIndex_When_OneMatchInText_ByFindFirstMethod" classname="pl.edu.pw.ee.DeterministicFiniteAutomatonTextSearchTest" time="0.001">
    <failure message="expected: &lt;2&gt; but was: &lt;-1&gt;" type="org.opentest4j.AssertionFailedError"><![CDATA[org.opentest4j.AssertionFailedError: expected: <2> but was: <-1>
	at pl.edu.pw.ee.DeterministicFiniteAutomatonTextSearchTest.testForFindFirstMethod(DeterministicFiniteAutomatonTextSearchTest.java:25)
	at pl.edu.pw.ee.DeterministicFiniteAutomatonTextSearchTest.shouldReturnIndex_When_OneMatchInText_ByFindFirstMethod(DeterministicFiniteAutomatonTextSearchTest.java:85)
]]></failure>
    <system-out><![CDATA[some text me 2
]]></system-out>
  </testcase>
  <testcase name="shouldReturnOneElemArray_When_OneMatchInText_ByFindAllMethod" classname="pl.edu.pw.ee.DeterministicFiniteAutomatonTextSearchTest" time="0">
    <failure type="java.lang.AssertionError">java.lang.AssertionError
	at pl.edu.pw.ee.DeterministicFiniteAutomatonTextSearchTest.testForFindAllMethod(DeterministicFiniteAutomatonTextSearchTest.java:35)
	at pl.edu.pw.ee.DeterministicFiniteAutomatonTextSearchTest.shouldReturnOneElemArray_When_OneMatchInText_ByFindAllMethod(DeterministicFiniteAutomatonTextSearchTest.java:109)
</failure>
    <system-out><![CDATA[first match, second, last match [I@4e628b52
]]></system-out>
  </testcase>
</testsuite>