<?xml version="1.0" encoding="UTF-8" ?>
<testsuite tests="3" failures="0" name="pl.edu.pw.ee.WriteToFileQuickSortTest" time="0.945" errors="0" skipped="0">
  <properties>
[...]
</properties>
  <testcase classname="pl.edu.pw.ee.WriteToFileQuickSortTest" name="Should_Sort_When_ArrayWithRandomElems" time="0.079"/>
  <testcase classname="pl.edu.pw.ee.WriteToFileQuickSortTest" name="Should_Sort_When_ArrayWithElemsInDescendingOrder" time="0.734"/>
  <testcase classname="pl.edu.pw.ee.WriteToFileQuickSortTest" name="Should_Sort_When_ArrayWithPivotInTheMiddle" time="0.132"/>
</testsuite>